<?xml version="1.0" encoding="UTF-8"?>
<!-- Generated by org.testng.reporters.JUnitReportReporter -->
<testsuite skipped="0" hostname="MehediAziz" name="com.collibra.qa.tests.ProductSearchTest" tests="1" failures="0" timestamp="25 Mar 2019 17:57:23 GMT" time="26.224" errors="0">
  <testcase name="searchTest" time="26.224" classname="com.collibra.qa.tests.ProductSearchTest"/>
</testsuite> <!-- com.collibra.qa.tests.ProductSearchTest -->
